<?xml version="1.0" encoding="UTF-8"?>
<testsuite xmlns:xsi="http://www.w3.org/2001/XMLSchema-instance" xsi:noNamespaceSchemaLocation="https://maven.apache.org/surefire/maven-surefire-plugin/xsd/surefire-test-report-3.0.xsd" version="3.0" name="stepDefinitions.TestRunnerSd" time="24.686" tests="4" errors="0" skipped="0" failures="0">
  <properties>
[...]
</properties>
  <testcase name="Login success scenario using parameters" classname="This feature is to test the SwagLabs application for both success and failure scenario using parameters and scenario outline" time="9.781">
    <system-out><![CDATA[
@Addtocart
Scenario: Login success scenario using parameters                           # src/test/java/featureSwaglab/AddToCart.feature:11
  Given I have launched the application                                     # stepDefinitions.LoginStepDefinition.i_have_launched_the_application()
  When I enter the username as "standard_user"                              # stepDefinitions.LoginStepDefinition.i_enter_the_username_as(java.lang.String)
  And I enter the password as "secret_sauce"                                # stepDefinitions.LoginStepDefinition.i_enter_the_password_as(java.lang.String)
  And I click the login button                                              # stepDefinitions.LoginStepDefinition.i_click_the_login_button()
  And I should land on home page "https://www.saucedemo.com/inventory.html" # stepDefinitions.LoginStepDefinition.i_should_land_on_home_page(java.lang.String)
  When I click the cart button of the product to add it to cart             # stepDefinitions.AddToCartSd.i_click_the_cart_button_of_the_product_to_add_it_to_cart()
  And I click on shopping cart                                              # stepDefinitions.AddToCartSd.i_click_on_shopping_cart()
  Then I verify the item on cart page with "Sauce Labs Backpack"            # stepDefinitions.AddToCartSd.i_verify_the_item_on_cart_page_with(java.lang.String)
]]></system-out>
    <system-err><![CDATA[Sep 27, 2023 7:40:10 PM io.cucumber.junit.Cucumber <init>
WARNING: By default Cucumber is running in --non-strict mode.
This default will change to --strict and --non-strict will be removed.
You can use --strict or @CucumberOptions(strict = true) to suppress this warning
SLF4J: Failed to load class "org.slf4j.impl.StaticLoggerBinder".
SLF4J: Defaulting to no-operation (NOP) logger implementation
SLF4J: See http://www.slf4j.org/codes.html#StaticLoggerBinder for further details.
1695823812602	geckodriver	INFO	Listening on 127.0.0.1:24280
1695823813235	mozrunner::runner	INFO	Running command: "C:\\Program Files\\Mozilla Firefox\\firefox.exe" "--marionette" "-no-remote" "-profile" "C:\\Users\\Sweta\\AppData\\Local\\Temp\\rust_mozprofileXCBrxE"
console.warn: services.settings: Ignoring preference override of remote settings server
console.warn: services.settings: Allow by setting MOZ_REMOTE_SETTINGS_DEVTOOLS=1 in the environment
1695823813508	Marionette	INFO	Marionette enabled
Dynamically enable window occlusion 0
1695823813982	Marionette	INFO	Listening on port 53275
Read port: 53275
1695823814026	RemoteAgent	WARN	TLS certificate errors will be ignored for this session
Sep 27, 2023 7:40:15 PM org.openqa.selenium.remote.ProtocolHandshake createSession
INFO: Detected dialect: W3C
console.warn: LoginRecipes: "Falling back to a synchronous message for: https://www.saucedemo.com."
console.warn: LoginRecipes: "Falling back to a synchronous message for: https://www.saucedemo.com."
1695823819322	Marionette	INFO	Stopped listening on port 53275
JavaScript warning: https://www.saucedemo.com/static/js/2.88f6e73d.chunk.js, line 2: Script terminated by timeout at:
Ke@https://www.saucedemo.com/static/js/2.88f6e73d.chunk.js:2:235392

Dynamically enable window occlusion 1
]]></system-err>
  </testcase>
  <testcase name="Login success scenario using parameters" classname="This feature is to test the SwagLabs application for both success and failure scenario using parameters and scenario outline" time="4.979">
    <system-out><![CDATA[
@Login
Scenario: Login success scenario using parameters                            # src/test/java/featureSwaglab/Loginswaglab.feature:7
  Given I have launched the application                                      # stepDefinitions.LoginStepDefinition.i_have_launched_the_application()
  When I enter the username as "standard_user"                               # stepDefinitions.LoginStepDefinition.i_enter_the_username_as(java.lang.String)
  And I enter the password as "secret_sauce"                                 # stepDefinitions.LoginStepDefinition.i_enter_the_password_as(java.lang.String)
  And I click the login button                                               # stepDefinitions.LoginStepDefinition.i_click_the_login_button()
  Then I should land on home page "https://www.saucedemo.com/inventory.html" # stepDefinitions.LoginStepDefinition.i_should_land_on_home_page(java.lang.String)
]]></system-out>
    <system-err><![CDATA[1695823820266	geckodriver	INFO	Listening on 127.0.0.1:21470
1695823820757	mozrunner::runner	INFO	Running command: "C:\\Program Files\\Mozilla Firefox\\firefox.exe" "--marionette" "-no-remote" "-profile" "C:\\Users\\Sweta\\AppData\\Local\\Temp\\rust_mozprofilevb9IEe"
console.warn: services.settings: Ignoring preference override of remote settings server
console.warn: services.settings: Allow by setting MOZ_REMOTE_SETTINGS_DEVTOOLS=1 in the environment
1695823821018	Marionette	INFO	Marionette enabled
Dynamically enable window occlusion 0
1695823821478	Marionette	INFO	Listening on port 53318
Read port: 53318
1695823821663	RemoteAgent	WARN	TLS certificate errors will be ignored for this session
Sep 27, 2023 7:40:23 PM org.openqa.selenium.remote.ProtocolHandshake createSession
INFO: Detected dialect: W3C
console.warn: LoginRecipes: "Falling back to a synchronous message for: https://www.saucedemo.com."
console.warn: LoginRecipes: "Falling back to a synchronous message for: https://www.saucedemo.com."
1695823824416	Marionette	INFO	Stopped listening on port 53318
JavaScript warning: https://www.saucedemo.com/static/js/2.88f6e73d.chunk.js, line 2: Script terminated by timeout at:
k@https://www.saucedemo.com/static/js/2.88f6e73d.chunk.js:2:29258
e.default/i/</v.current<@https://www.saucedemo.com/static/js/2.88f6e73d.chunk.js:2:30482

Dynamically enable window occlusion 1
]]></system-err>
  </testcase>
  <testcase name="Login Failure scenario using Scenario outline" classname="This feature is to test the SwagLabs application for both success and failure scenario using parameters and scenario outline" time="4.879">
    <system-out><![CDATA[
@Login
Scenario Outline: Login Failure scenario using Scenario outline                                                     # src/test/java/featureSwaglab/Loginswaglab.feature:21
  Given I have launched the application                                                                             # stepDefinitions.LoginStepDefinition.i_have_launched_the_application()
  When I enter the username as "standard_user"                                                                      # stepDefinitions.LoginStepDefinition.i_enter_the_username_as(java.lang.String)
  And I enter the password as "12345"                                                                               # stepDefinitions.LoginStepDefinition.i_enter_the_password_as(java.lang.String)
  And I click the login button                                                                                      # stepDefinitions.LoginStepDefinition.i_click_the_login_button()
  Then I should get an error message as "Epic sadface: Username and password do not match any user in this service" # stepDefinitions.LoginStepDefinition.i_should_get_an_error_message_as(java.lang.String)
]]></system-out>
    <system-err><![CDATA[1695823825249	geckodriver	INFO	Listening on 127.0.0.1:23805
1695823825743	mozrunner::runner	INFO	Running command: "C:\\Program Files\\Mozilla Firefox\\firefox.exe" "--marionette" "-no-remote" "-profile" "C:\\Users\\Sweta\\AppData\\Local\\Temp\\rust_mozprofilemakFtP"
console.warn: services.settings: Ignoring preference override of remote settings server
console.warn: services.settings: Allow by setting MOZ_REMOTE_SETTINGS_DEVTOOLS=1 in the environment
1695823826001	Marionette	INFO	Marionette enabled
Dynamically enable window occlusion 0
1695823826427	Marionette	INFO	Listening on port 53351
Read port: 53351
1695823826601	RemoteAgent	WARN	TLS certificate errors will be ignored for this session
Sep 27, 2023 7:40:27 PM org.openqa.selenium.remote.ProtocolHandshake createSession
INFO: Detected dialect: W3C
console.warn: LoginRecipes: "Falling back to a synchronous message for: https://www.saucedemo.com."
1695823829172	Marionette	INFO	Stopped listening on port 53351
Dynamically enable window occlusion 1
]]></system-err>
  </testcase>
  <testcase name="Login Failure scenario using Scenario outline" classname="This feature is to test the SwagLabs application for both success and failure scenario using parameters and scenario outline" time="4.714">
    <system-out><![CDATA[
@Login
Scenario Outline: Login Failure scenario using Scenario outline                               # src/test/java/featureSwaglab/Loginswaglab.feature:22
  Given I have launched the application                                                       # stepDefinitions.LoginStepDefinition.i_have_launched_the_application()
  When I enter the username as "locked_out_user"                                              # stepDefinitions.LoginStepDefinition.i_enter_the_username_as(java.lang.String)
  And I enter the password as "secret_sauce"                                                  # stepDefinitions.LoginStepDefinition.i_enter_the_password_as(java.lang.String)
  And I click the login button                                                                # stepDefinitions.LoginStepDefinition.i_click_the_login_button()
  Then I should get an error message as "Epic sadface: Sorry, this user has been locked out." # stepDefinitions.LoginStepDefinition.i_should_get_an_error_message_as(java.lang.String)
]]></system-out>
    <system-err><![CDATA[1695823830123	geckodriver	INFO	Listening on 127.0.0.1:24411
1695823830623	mozrunner::runner	INFO	Running command: "C:\\Program Files\\Mozilla Firefox\\firefox.exe" "--marionette" "-no-remote" "-profile" "C:\\Users\\Sweta\\AppData\\Local\\Temp\\rust_mozprofileKHS3y2"
console.warn: services.settings: Ignoring preference override of remote settings server
console.warn: services.settings: Allow by setting MOZ_REMOTE_SETTINGS_DEVTOOLS=1 in the environment
1695823830894	Marionette	INFO	Marionette enabled
Dynamically enable window occlusion 0
1695823831458	Marionette	INFO	Listening on port 53383
Read port: 53383
1695823831619	RemoteAgent	WARN	TLS certificate errors will be ignored for this session
Sep 27, 2023 7:40:32 PM org.openqa.selenium.remote.ProtocolHandshake createSession
INFO: Detected dialect: W3C
console.warn: LoginRecipes: "Falling back to a synchronous message for: https://www.saucedemo.com."
1695823833943	Marionette	INFO	Stopped listening on port 53383
Dynamically enable window occlusion 1
]]></system-err>
  </testcase>
</testsuite>